<?xml version="1.0" encoding="UTF-8"?>
<!-- Generated by org.testng.reporters.JUnitReportReporter -->
<testsuite skipped="0" hostname="LAPTOP-HV5VBQ3A" name="com.naughty.userlogin02.controller.usercontrollerText" tests="1" failures="0" timestamp="15 六月 2022 09:23:19 GMT" time="1.294" errors="0">
  <testcase name="testuserlogin" time="1.294" classname="com.naughty.userlogin02.controller.usercontrollerText"/>
</testsuite> <!-- com.naughty.userlogin02.controller.com.naughty.userlogin02.TestngService.usercontrollerText -->
